
Showing logs for build [32mcb-kubecd-environment-pr-191-77-qxhqq-1[0m stage [32mfrom-build-pack[0m and container [32mstep-credential-initializer-sfltz[0m
{"level":"warn","ts":1585417257.9571595,"logger":"fallback-logger","caller":"logging/config.go:69","msg":"Fetch GitHub commit ID from kodata failed: \"ref: refs/heads/0.8.0-**-support-backwards-incompats\" is not a valid GitHub commit ID"}
{"level":"info","ts":1585417257.9577315,"logger":"fallback-logger","caller":"creds-init/main.go:40","msg":"Credentials initialized."}

Showing logs for build [32mcb-kubecd-environment-pr-191-77-qxhqq-1[0m stage [32mfrom-build-pack[0m and container [32mstep-working-dir-initializer-bjcpc[0m
{"level":"warn","ts":1585417258.942343,"logger":"fallback-logger","caller":"logging/config.go:69","msg":"Fetch GitHub commit ID from kodata failed: open /var/run/ko/HEAD: no such file or directory"}
{"level":"info","ts":1585417258.949982,"logger":"fallback-logger","caller":"bash/main.go:64","msg":"Successfully executed command \"sh -c mkdir -p /workspace/source\"; output "}

Showing logs for build [32mcb-kubecd-environment-pr-191-77-qxhqq-1[0m stage [32mfrom-build-pack[0m and container [32mstep-place-tools[0m

Showing logs for build [32mcb-kubecd-environment-pr-191-77-qxhqq-1[0m stage [32mfrom-build-pack[0m and container [32mstep-git-source-cb-kubecd-environment-pr-191-77-qxhqq-bzl5b[0m
{"level":"warn","ts":1585417264.1743212,"logger":"fallback-logger","caller":"logging/config.go:69","msg":"Fetch GitHub commit ID from kodata failed: \"ref: refs/heads/0.8.0-**-support-backwards-incompats\" is not a valid GitHub commit ID"}
{"level":"info","ts":1585417265.375796,"logger":"fallback-logger","caller":"git/git.go:103","msg":"Successfully cloned https://github.com/cb-kubecd/environment-pr-191-77-boot-gke-staging.git @ master in path /workspace/source"}

Showing logs for build [32mcb-kubecd-environment-pr-191-77-qxhqq-1[0m stage [32mfrom-build-pack[0m and container [32mstep-git-merge[0m
Using SHAs from PULL_REFS=master:43f5ddae5760a9a385c5f973b5f0405b18e82ede,8:816b5819a53f648465193cc4b4f35c2c5e62b0e3
DEBUG: LC_ALL=C JX_LOG_LEVEL=error git fetch origin --unshallow 816b5819a53f648465193cc4b4f35c2c5e62b0e3: 43f5ddae5760a9a385c5f973b5f0405b18e82ede:
DEBUG: ran git fetch --unshallow origin 816b5819a53f648465193cc4b4f35c2c5e62b0e3: 43f5ddae5760a9a385c5f973b5f0405b18e82ede: in 
DEBUG: LC_ALL=C JX_LOG_LEVEL=error git branch
DEBUG: LC_ALL=C JX_LOG_LEVEL=error git checkout master
DEBUG: ran git checkout master in 
DEBUG: LC_ALL=C JX_LOG_LEVEL=error git reset --hard 43f5ddae5760a9a385c5f973b5f0405b18e82ede
DEBUG: ran git reset --hard 43f5ddae5760a9a385c5f973b5f0405b18e82ede in 
DEBUG: LC_ALL=C JX_LOG_LEVEL=error git clean -fd .
DEBUG: ran clean --force -d . in 
DEBUG: LC_ALL=C JX_LOG_LEVEL=error git merge 816b5819a53f648465193cc4b4f35c2c5e62b0e3
DEBUG: ran git merge 816b5819a53f648465193cc4b4f35c2c5e62b0e3 in 
DEBUG: LC_ALL=C JX_LOG_LEVEL=error git log --format=%H%x1f%an%x1f%ae%x1f%cn%x1f%ce%x1f%s%n%b%x1e 43f5ddae5760a9a385c5f973b5f0405b18e82ede..HEAD
Merged SHA 816b5819a53f648465193cc4b4f35c2c5e62b0e3 with commit message 'chore: Promote bdd-sbhg-import-1585415803 to version 0.0.1' into base branch master

Showing logs for build [32mcb-kubecd-environment-pr-191-77-qxhqq-1[0m stage [32mfrom-build-pack[0m and container [32mstep-build-helm-build[0m
WARNING: No $CHART_REPOSITORY defined so using the default value of: http://jenkins-x-chartmuseum:8080
Adding missing Helm repo: storage.googleapis.com https://storage.googleapis.com/chartmuseum.jenkins-x.io
WARNING: No secrets found on "helm/repos" due: reading the secret "helm/repos" from vault: no secret "helm/repos" not found in vault
Read credentials for https://storage.googleapis.com/chartmuseum.jenkins-x.io from vault helm/repos
Successfully added Helm repository storage.googleapis.com.
Adding missing Helm repo: jenkins-x-chartmuseum http://jenkins-x-chartmuseum:8080
WARNING: No secrets found on "helm/repos" due: reading the secret "helm/repos" from vault: no secret "helm/repos" not found in vault
Read credentials for http://jenkins-x-chartmuseum:8080 from vault helm/repos
Successfully added Helm repository jenkins-x-chartmuseum.
WARNING: No $CHART_REPOSITORY defined so using the default value of: http://jenkins-x-chartmuseum:8080
Adding missing Helm repo: chartmuseum.jenkins-x.io http://chartmuseum.jenkins-x.io
WARNING: No secrets found on "helm/repos" due: reading the secret "helm/repos" from vault: no secret "helm/repos" not found in vault
Read credentials for http://chartmuseum.jenkins-x.io from vault helm/repos
Successfully added Helm repository chartmuseum.jenkins-x.io.
