
Showing logs for build [32mcb-kubecd-environment-pr-191-77-fwqcf-1[0m stage [32mfrom-build-pack[0m and container [32mstep-credential-initializer-22n2q[0m
{"level":"warn","ts":1585413907.5713909,"logger":"fallback-logger","caller":"logging/config.go:69","msg":"Fetch GitHub commit ID from kodata failed: \"ref: refs/heads/0.8.0-**-support-backwards-incompats\" is not a valid GitHub commit ID"}
{"level":"info","ts":1585413907.571912,"logger":"fallback-logger","caller":"creds-init/main.go:40","msg":"Credentials initialized."}

Showing logs for build [32mcb-kubecd-environment-pr-191-77-fwqcf-1[0m stage [32mfrom-build-pack[0m and container [32mstep-working-dir-initializer-lm6w2[0m
{"level":"warn","ts":1585413908.7317333,"logger":"fallback-logger","caller":"logging/config.go:69","msg":"Fetch GitHub commit ID from kodata failed: open /var/run/ko/HEAD: no such file or directory"}
{"level":"info","ts":1585413908.7342193,"logger":"fallback-logger","caller":"bash/main.go:64","msg":"Successfully executed command \"sh -c mkdir -p /workspace/source\"; output "}

Showing logs for build [32mcb-kubecd-environment-pr-191-77-fwqcf-1[0m stage [32mfrom-build-pack[0m and container [32mstep-place-tools[0m

Showing logs for build [32mcb-kubecd-environment-pr-191-77-fwqcf-1[0m stage [32mfrom-build-pack[0m and container [32mstep-git-source-cb-kubecd-environment-pr-191-77-fwqcf-8ttth[0m
{"level":"warn","ts":1585413915.144685,"logger":"fallback-logger","caller":"logging/config.go:69","msg":"Fetch GitHub commit ID from kodata failed: \"ref: refs/heads/0.8.0-**-support-backwards-incompats\" is not a valid GitHub commit ID"}
{"level":"info","ts":1585413916.322758,"logger":"fallback-logger","caller":"git/git.go:103","msg":"Successfully cloned https://github.com/cb-kubecd/environment-pr-191-77-boot-gke-staging.git @ master in path /workspace/source"}

Showing logs for build [32mcb-kubecd-environment-pr-191-77-fwqcf-1[0m stage [32mfrom-build-pack[0m and container [32mstep-git-merge[0m
Using SHAs from PULL_REFS=master:ce64fcab2f3fb8d9f8994882e57618a7691bc8ca,2:8be9aa2f3831d47ac6e0906110e4938249fabe72
DEBUG: LC_ALL=C JX_LOG_LEVEL=error git fetch origin --unshallow 8be9aa2f3831d47ac6e0906110e4938249fabe72: ce64fcab2f3fb8d9f8994882e57618a7691bc8ca:
DEBUG: ran git fetch --unshallow origin 8be9aa2f3831d47ac6e0906110e4938249fabe72: ce64fcab2f3fb8d9f8994882e57618a7691bc8ca: in 
DEBUG: LC_ALL=C JX_LOG_LEVEL=error git branch
DEBUG: LC_ALL=C JX_LOG_LEVEL=error git checkout master
DEBUG: ran git checkout master in 
DEBUG: LC_ALL=C JX_LOG_LEVEL=error git reset --hard ce64fcab2f3fb8d9f8994882e57618a7691bc8ca
DEBUG: ran git reset --hard ce64fcab2f3fb8d9f8994882e57618a7691bc8ca in 
DEBUG: JX_LOG_LEVEL=error LC_ALL=C git clean -fd .
DEBUG: ran clean --force -d . in 
DEBUG: LC_ALL=C JX_LOG_LEVEL=error git merge 8be9aa2f3831d47ac6e0906110e4938249fabe72
DEBUG: ran git merge 8be9aa2f3831d47ac6e0906110e4938249fabe72 in 
DEBUG: LC_ALL=C JX_LOG_LEVEL=error git log --format=%H%x1f%an%x1f%ae%x1f%cn%x1f%ce%x1f%s%n%b%x1e ce64fcab2f3fb8d9f8994882e57618a7691bc8ca..HEAD
Merged SHA 8be9aa2f3831d47ac6e0906110e4938249fabe72 with commit message 'chore: Promote bdd-nh-1585413597 to version 0.0.1' into base branch master

Showing logs for build [32mcb-kubecd-environment-pr-191-77-fwqcf-1[0m stage [32mfrom-build-pack[0m and container [32mstep-build-helm-build[0m
WARNING: No $CHART_REPOSITORY defined so using the default value of: http://jenkins-x-chartmuseum:8080
Adding missing Helm repo: storage.googleapis.com https://storage.googleapis.com/chartmuseum.jenkins-x.io
WARNING: No secrets found on "helm/repos" due: reading the secret "helm/repos" from vault: no secret "helm/repos" not found in vault
Read credentials for https://storage.googleapis.com/chartmuseum.jenkins-x.io from vault helm/repos
Successfully added Helm repository storage.googleapis.com.
Adding missing Helm repo: jenkins-x-chartmuseum http://jenkins-x-chartmuseum:8080
WARNING: No secrets found on "helm/repos" due: reading the secret "helm/repos" from vault: no secret "helm/repos" not found in vault
Read credentials for http://jenkins-x-chartmuseum:8080 from vault helm/repos
Successfully added Helm repository jenkins-x-chartmuseum.
WARNING: No $CHART_REPOSITORY defined so using the default value of: http://jenkins-x-chartmuseum:8080
Adding missing Helm repo: chartmuseum.jenkins-x.io http://chartmuseum.jenkins-x.io
WARNING: No secrets found on "helm/repos" due: reading the secret "helm/repos" from vault: no secret "helm/repos" not found in vault
Read credentials for http://chartmuseum.jenkins-x.io from vault helm/repos
Successfully added Helm repository chartmuseum.jenkins-x.io.
