
Showing logs for build [32mcb-kubecd-environment-pr-191-77-c4c5z-1[0m stage [32mfrom-build-pack[0m and container [32mstep-credential-initializer-mxfrs[0m
{"level":"warn","ts":1585415377.2088554,"logger":"fallback-logger","caller":"logging/config.go:69","msg":"Fetch GitHub commit ID from kodata failed: \"ref: refs/heads/0.8.0-**-support-backwards-incompats\" is not a valid GitHub commit ID"}
{"level":"info","ts":1585415377.2100687,"logger":"fallback-logger","caller":"creds-init/main.go:40","msg":"Credentials initialized."}

Showing logs for build [32mcb-kubecd-environment-pr-191-77-c4c5z-1[0m stage [32mfrom-build-pack[0m and container [32mstep-working-dir-initializer-jdn9c[0m
{"level":"warn","ts":1585415377.8941607,"logger":"fallback-logger","caller":"logging/config.go:69","msg":"Fetch GitHub commit ID from kodata failed: open /var/run/ko/HEAD: no such file or directory"}
{"level":"info","ts":1585415377.897722,"logger":"fallback-logger","caller":"bash/main.go:64","msg":"Successfully executed command \"sh -c mkdir -p /workspace/source\"; output "}

Showing logs for build [32mcb-kubecd-environment-pr-191-77-c4c5z-1[0m stage [32mfrom-build-pack[0m and container [32mstep-place-tools[0m

Showing logs for build [32mcb-kubecd-environment-pr-191-77-c4c5z-1[0m stage [32mfrom-build-pack[0m and container [32mstep-git-source-cb-kubecd-environment-pr-191-77-c4c5z-4s5rq[0m
{"level":"warn","ts":1585415384.1983643,"logger":"fallback-logger","caller":"logging/config.go:69","msg":"Fetch GitHub commit ID from kodata failed: \"ref: refs/heads/0.8.0-**-support-backwards-incompats\" is not a valid GitHub commit ID"}
{"level":"info","ts":1585415385.4763148,"logger":"fallback-logger","caller":"git/git.go:103","msg":"Successfully cloned https://github.com/cb-kubecd/environment-pr-191-77-boot-gke-staging.git @ master in path /workspace/source"}

Showing logs for build [32mcb-kubecd-environment-pr-191-77-c4c5z-1[0m stage [32mfrom-build-pack[0m and container [32mstep-git-merge[0m
Using SHAs from PULL_REFS=master:a15ffcef94669f886f5206264391d7d6e97bc98b,4:dc9ead87348c604ccc0a729454a514fb4465ad61
DEBUG: LC_ALL=C JX_LOG_LEVEL=error git fetch origin --unshallow dc9ead87348c604ccc0a729454a514fb4465ad61: a15ffcef94669f886f5206264391d7d6e97bc98b:
DEBUG: ran git fetch --unshallow origin dc9ead87348c604ccc0a729454a514fb4465ad61: a15ffcef94669f886f5206264391d7d6e97bc98b: in 
DEBUG: LC_ALL=C JX_LOG_LEVEL=error git branch
DEBUG: JX_LOG_LEVEL=error LC_ALL=C git checkout master
DEBUG: ran git checkout master in 
DEBUG: LC_ALL=C JX_LOG_LEVEL=error git reset --hard a15ffcef94669f886f5206264391d7d6e97bc98b
DEBUG: ran git reset --hard a15ffcef94669f886f5206264391d7d6e97bc98b in 
DEBUG: LC_ALL=C JX_LOG_LEVEL=error git clean -fd .
DEBUG: ran clean --force -d . in 
DEBUG: JX_LOG_LEVEL=error LC_ALL=C git merge dc9ead87348c604ccc0a729454a514fb4465ad61
DEBUG: ran git merge dc9ead87348c604ccc0a729454a514fb4465ad61 in 
DEBUG: LC_ALL=C JX_LOG_LEVEL=error git log --format=%H%x1f%an%x1f%ae%x1f%cn%x1f%ce%x1f%s%n%b%x1e a15ffcef94669f886f5206264391d7d6e97bc98b..HEAD
Merged SHA dc9ead87348c604ccc0a729454a514fb4465ad61 with commit message 'chore: Promote bdd-gh-1585413597 to version 0.0.1' into base branch master

Showing logs for build [32mcb-kubecd-environment-pr-191-77-c4c5z-1[0m stage [32mfrom-build-pack[0m and container [32mstep-build-helm-build[0m
WARNING: No $CHART_REPOSITORY defined so using the default value of: http://jenkins-x-chartmuseum:8080
Adding missing Helm repo: storage.googleapis.com https://storage.googleapis.com/chartmuseum.jenkins-x.io
WARNING: No secrets found on "helm/repos" due: reading the secret "helm/repos" from vault: no secret "helm/repos" not found in vault
Read credentials for https://storage.googleapis.com/chartmuseum.jenkins-x.io from vault helm/repos
Successfully added Helm repository storage.googleapis.com.
Adding missing Helm repo: jenkins-x-chartmuseum http://jenkins-x-chartmuseum:8080
WARNING: No secrets found on "helm/repos" due: reading the secret "helm/repos" from vault: no secret "helm/repos" not found in vault
Read credentials for http://jenkins-x-chartmuseum:8080 from vault helm/repos
Successfully added Helm repository jenkins-x-chartmuseum.
WARNING: No $CHART_REPOSITORY defined so using the default value of: http://jenkins-x-chartmuseum:8080
Adding missing Helm repo: chartmuseum.jenkins-x.io http://chartmuseum.jenkins-x.io
WARNING: No secrets found on "helm/repos" due: reading the secret "helm/repos" from vault: no secret "helm/repos" not found in vault
Read credentials for http://chartmuseum.jenkins-x.io from vault helm/repos
Successfully added Helm repository chartmuseum.jenkins-x.io.
