
Showing logs for build [32mcb-kubecd-environment-pr-191-77-2c2tc-1[0m stage [32mfrom-build-pack[0m and container [32mstep-credential-initializer-4w9h6[0m
{"level":"warn","ts":1585416156.2145543,"logger":"fallback-logger","caller":"logging/config.go:69","msg":"Fetch GitHub commit ID from kodata failed: \"ref: refs/heads/0.8.0-**-support-backwards-incompats\" is not a valid GitHub commit ID"}
{"level":"info","ts":1585416156.21821,"logger":"fallback-logger","caller":"creds-init/main.go:40","msg":"Credentials initialized."}

Showing logs for build [32mcb-kubecd-environment-pr-191-77-2c2tc-1[0m stage [32mfrom-build-pack[0m and container [32mstep-working-dir-initializer-xd8hk[0m
{"level":"warn","ts":1585416156.9996552,"logger":"fallback-logger","caller":"logging/config.go:69","msg":"Fetch GitHub commit ID from kodata failed: open /var/run/ko/HEAD: no such file or directory"}
{"level":"info","ts":1585416157.0036242,"logger":"fallback-logger","caller":"bash/main.go:64","msg":"Successfully executed command \"sh -c mkdir -p /workspace/source\"; output "}

Showing logs for build [32mcb-kubecd-environment-pr-191-77-2c2tc-1[0m stage [32mfrom-build-pack[0m and container [32mstep-place-tools[0m

Showing logs for build [32mcb-kubecd-environment-pr-191-77-2c2tc-1[0m stage [32mfrom-build-pack[0m and container [32mstep-git-source-cb-kubecd-environment-pr-191-77-2c2tc-nx4mk[0m
{"level":"warn","ts":1585416163.2897,"logger":"fallback-logger","caller":"logging/config.go:69","msg":"Fetch GitHub commit ID from kodata failed: \"ref: refs/heads/0.8.0-**-support-backwards-incompats\" is not a valid GitHub commit ID"}
{"level":"info","ts":1585416164.642972,"logger":"fallback-logger","caller":"git/git.go:103","msg":"Successfully cloned https://github.com/cb-kubecd/environment-pr-191-77-boot-gke-staging.git @ master in path /workspace/source"}

Showing logs for build [32mcb-kubecd-environment-pr-191-77-2c2tc-1[0m stage [32mfrom-build-pack[0m and container [32mstep-git-merge[0m
Using SHAs from PULL_REFS=master:93842d60a2e71604bd2eb5e57db272de9b85332d,6:7d50450e9c0446ebc9df72e7584661577a170c2c
DEBUG: LC_ALL=C JX_LOG_LEVEL=error git fetch origin --unshallow 7d50450e9c0446ebc9df72e7584661577a170c2c: 93842d60a2e71604bd2eb5e57db272de9b85332d:
DEBUG: ran git fetch --unshallow origin 7d50450e9c0446ebc9df72e7584661577a170c2c: 93842d60a2e71604bd2eb5e57db272de9b85332d: in 
DEBUG: LC_ALL=C JX_LOG_LEVEL=error git branch
DEBUG: LC_ALL=C JX_LOG_LEVEL=error git checkout master
DEBUG: ran git checkout master in 
DEBUG: JX_LOG_LEVEL=error LC_ALL=C git reset --hard 93842d60a2e71604bd2eb5e57db272de9b85332d
DEBUG: ran git reset --hard 93842d60a2e71604bd2eb5e57db272de9b85332d in 
DEBUG: LC_ALL=C JX_LOG_LEVEL=error git clean -fd .
DEBUG: ran clean --force -d . in 
DEBUG: LC_ALL=C JX_LOG_LEVEL=error git merge 7d50450e9c0446ebc9df72e7584661577a170c2c
DEBUG: ran git merge 7d50450e9c0446ebc9df72e7584661577a170c2c in 
DEBUG: LC_ALL=C JX_LOG_LEVEL=error git log --format=%H%x1f%an%x1f%ae%x1f%cn%x1f%ce%x1f%s%n%b%x1e 93842d60a2e71604bd2eb5e57db272de9b85332d..HEAD
Merged SHA 7d50450e9c0446ebc9df72e7584661577a170c2c with commit message 'chore: Promote bdd-sbrp-import-1585415803 to version 0.0.1' into base branch master

Showing logs for build [32mcb-kubecd-environment-pr-191-77-2c2tc-1[0m stage [32mfrom-build-pack[0m and container [32mstep-build-helm-build[0m
WARNING: No $CHART_REPOSITORY defined so using the default value of: http://jenkins-x-chartmuseum:8080
Adding missing Helm repo: storage.googleapis.com https://storage.googleapis.com/chartmuseum.jenkins-x.io
WARNING: No secrets found on "helm/repos" due: reading the secret "helm/repos" from vault: no secret "helm/repos" not found in vault
Read credentials for https://storage.googleapis.com/chartmuseum.jenkins-x.io from vault helm/repos
Successfully added Helm repository storage.googleapis.com.
Adding missing Helm repo: jenkins-x-chartmuseum http://jenkins-x-chartmuseum:8080
WARNING: No secrets found on "helm/repos" due: reading the secret "helm/repos" from vault: no secret "helm/repos" not found in vault
Read credentials for http://jenkins-x-chartmuseum:8080 from vault helm/repos
Successfully added Helm repository jenkins-x-chartmuseum.
WARNING: No $CHART_REPOSITORY defined so using the default value of: http://jenkins-x-chartmuseum:8080
Adding missing Helm repo: chartmuseum.jenkins-x.io http://chartmuseum.jenkins-x.io
WARNING: No secrets found on "helm/repos" due: reading the secret "helm/repos" from vault: no secret "helm/repos" not found in vault
Read credentials for http://chartmuseum.jenkins-x.io from vault helm/repos
Successfully added Helm repository chartmuseum.jenkins-x.io.
